<html>
<head>
<title>TestNG:  Default test</title>
<link href="../testng.css" rel="stylesheet" type="text/css" />
<link href="../my-testng.css" rel="stylesheet" type="text/css" />

<style type="text/css">
.log { display: none;} 
.stack-trace { display: none;} 
</style>
<script type="text/javascript">
<!--
function flip(e) {
  current = e.style.display;
  if (current == 'block') {
    e.style.display = 'none';
    return 0;
  }
  else {
    e.style.display = 'block';
    return 1;
  }
}

function toggleBox(szDivId, elem, msg1, msg2)
{
  var res = -1;  if (document.getElementById) {
    res = flip(document.getElementById(szDivId));
  }
  else if (document.all) {
    // this is the way old msie versions work
    res = flip(document.all[szDivId]);
  }
  if(elem) {
    if(res == 0) elem.innerHTML = msg1; else elem.innerHTML = msg2;
  }

}

function toggleAllBoxes() {
  if (document.getElementsByTagName) {
    d = document.getElementsByTagName('div');
    for (i = 0; i < d.length; i++) {
      if (d[i].className == 'log') {
        flip(d[i]);
      }
    }
  }
}

// -->
</script>

</head>
<body>
<h2 align='center'>Default test</h2><table border='1' align="center">
<tr>
<td>Tests passed/Failed/Skipped:</td><td>16/1/0</td>
</tr><tr>
<td>Started on:</td><td>Thu Mar 01 23:14:45 EST 2012</td>
</tr>
<tr><td>Total time:</td><td>0 seconds (167 ms)</td>
</tr><tr>
<td>Included groups:</td><td></td>
</tr><tr>
<td>Excluded groups:</td><td></td>
</tr>
</table><p/>
<small><i>(Hover the method name to see the test class name)</i></small><p/>
<table width='100%' border='1' class='invocation-failed'>
<tr><td colspan='4' align='center'><b>FAILED TESTS</b></td></tr>
<tr><td><b>Test method</b></td>
<td width="30%"><b>Exception</b></td>
<td width="10%"><b>Time (seconds)</b></td>
<td><b>Instance</b></td>
</tr>
<tr>
<td title='org.colorMine.tests.ColorCalculatorTest.getTriadic_GivenAColor_returnsTriadicColors()'><b>getTriadic_GivenAColor_returnsTriadicColors</b><br>Test class: org.colorMine.tests.ColorCalculatorTest</td>
<td><div><pre>java.lang.AssertionError: expected:&lt;false&gt; but was:&lt;[Ljava.awt.Color;@37a001ff&gt;
	at org.testng.AssertJUnit.fail(AssertJUnit.java:59)
	at org.testng.AssertJUnit.failNotEquals(AssertJUnit.java:364)
	at org.testng.AssertJUnit.assertEquals(AssertJUnit.java:80)
	at org.testng.AssertJUnit.assertEquals(AssertJUnit.java:88)
	at org.colorMine.tests.ColorCalculatorTest.getTriadic_GivenAColor_returnsTriadicColors(ColorCalculatorTest.java:51)
	at sun.reflect.NativeMethodAccessorImpl.invoke0(Native Method)
	at sun.reflect.NativeMethodAccessorImpl.invoke(NativeMethodAccessorImpl.java:57)
	at sun.reflect.DelegatingMethodAccessorImpl.invoke(DelegatingMethodAccessorImpl.java:43)
	at java.lang.reflect.Method.invoke(Method.java:616)
	at org.testng.internal.MethodInvocationHelper.invokeMethod(MethodInvocationHelper.java:80)
	at org.testng.internal.Invoker.invokeMethod(Invoker.java:701)
	at org.testng.internal.Invoker.invokeTestMethod(Invoker.java:893)
	at org.testng.internal.Invoker.invokeTestMethods(Invoker.java:1218)
	at org.testng.internal.TestMethodWorker.invokeTestMethods(TestMethodWorker.java:127)
	at org.testng.internal.TestMethodWorker.run(TestMethodWorker.java:111)
	at org.testng.TestRunner.privateRun(TestRunner.java:768)
	at org.testng.TestRunner.run(TestRunner.java:617)
	at org.testng.SuiteRunner.runTest(SuiteRunner.java:334)
	at org.testng.SuiteRunner.runSequentially(SuiteRunner.java:329)
	at org.testng.SuiteRunner.privateRun(SuiteRunner.java:291)
	at org.testng.SuiteRunner.run(SuiteRunner.java:240)
	at org.testng.SuiteRunnerWorker.runSuite(SuiteRunnerWorker.java:53)
	at org.testng.SuiteRunnerWorker.run(SuiteRunnerWorker.java:87)
	at org.testng.TestNG.runSuitesSequentially(TestNG.java:1185)
	at org.testng.TestNG.runSuitesLocally(TestNG.java:1110)
	at org.testng.TestNG.run(TestNG.java:1022)
	at org.testng.remote.RemoteTestNG.run(RemoteTestNG.java:109)
	at org.testng.remote.RemoteTestNG.initAndRun(RemoteTestNG.java:202)
	at org.testng.remote.RemoteTestNG.main(RemoteTestNG.java:173)
</pre></div><a href='#' onClick='toggleBox("stack-trace853323835", this, "Click to show all stack frames", "Click to hide stack frames")'>Click to show all stack frames</a>
<div class='stack-trace' id='stack-trace853323835'><pre>java.lang.AssertionError: expected:&lt;false&gt; but was:&lt;[Ljava.awt.Color;@37a001ff&gt;
	at org.testng.AssertJUnit.fail(AssertJUnit.java:59)
	at org.testng.AssertJUnit.failNotEquals(AssertJUnit.java:364)
	at org.testng.AssertJUnit.assertEquals(AssertJUnit.java:80)
	at org.testng.AssertJUnit.assertEquals(AssertJUnit.java:88)
	at org.colorMine.tests.ColorCalculatorTest.getTriadic_GivenAColor_returnsTriadicColors(ColorCalculatorTest.java:51)
	at sun.reflect.NativeMethodAccessorImpl.invoke0(Native Method)
	at sun.reflect.NativeMethodAccessorImpl.invoke(NativeMethodAccessorImpl.java:57)
	at sun.reflect.DelegatingMethodAccessorImpl.invoke(DelegatingMethodAccessorImpl.java:43)
	at java.lang.reflect.Method.invoke(Method.java:616)
	at org.testng.internal.MethodInvocationHelper.invokeMethod(MethodInvocationHelper.java:80)
	at org.testng.internal.Invoker.invokeMethod(Invoker.java:701)
	at org.testng.internal.Invoker.invokeTestMethod(Invoker.java:893)
	at org.testng.internal.Invoker.invokeTestMethods(Invoker.java:1218)
	at org.testng.internal.TestMethodWorker.invokeTestMethods(TestMethodWorker.java:127)
	at org.testng.internal.TestMethodWorker.run(TestMethodWorker.java:111)
	at org.testng.TestRunner.privateRun(TestRunner.java:768)
	at org.testng.TestRunner.run(TestRunner.java:617)
	at org.testng.SuiteRunner.runTest(SuiteRunner.java:334)
	at org.testng.SuiteRunner.runSequentially(SuiteRunner.java:329)
	at org.testng.SuiteRunner.privateRun(SuiteRunner.java:291)
	at org.testng.SuiteRunner.run(SuiteRunner.java:240)
	at org.testng.SuiteRunnerWorker.runSuite(SuiteRunnerWorker.java:53)
	at org.testng.SuiteRunnerWorker.run(SuiteRunnerWorker.java:87)
	at org.testng.TestNG.runSuitesSequentially(TestNG.java:1185)
	at org.testng.TestNG.runSuitesLocally(TestNG.java:1110)
	at org.testng.TestNG.run(TestNG.java:1022)
	at org.testng.remote.RemoteTestNG.run(RemoteTestNG.java:109)
	at org.testng.remote.RemoteTestNG.initAndRun(RemoteTestNG.java:202)
	at org.testng.remote.RemoteTestNG.main(RemoteTestNG.java:173)
</pre></div></td>
<td>0</td>
<td>org.colorMine.tests.ColorCalculatorTest@3882764b</td></tr>
</table><p>
<table width='100%' border='1' class='invocation-passed'>
<tr><td colspan='4' align='center'><b>PASSED TESTS</b></td></tr>
<tr><td><b>Test method</b></td>
<td width="30%"><b>Exception</b></td>
<td width="10%"><b>Time (seconds)</b></td>
<td><b>Instance</b></td>
</tr>
<tr>
<td title='org.colorMine.tests.colorSpace.ColorSpaceConverterTest.ColorConversion()'><b>ColorConversion</b><br>Test class: org.colorMine.tests.colorSpace.ColorSpaceConverterTest</td>
<td></td>
<td>0</td>
<td>org.colorMine.tests.colorSpace.ColorSpaceConverterTest@5bbf3d87</td></tr>
<tr>
<td title='org.colorMine.tests.profile.ColorProfileTest.ColorProfile()'><b>ColorProfile</b><br>Test class: org.colorMine.tests.profile.ColorProfileTest</td>
<td></td>
<td>0</td>
<td>org.colorMine.tests.profile.ColorProfileTest@1de4f7c2</td></tr>
<tr>
<td title='org.colorMine.tests.profile.ColorProfileTest.ColorProfileAccuracy()'><b>ColorProfileAccuracy</b><br>Test class: org.colorMine.tests.profile.ColorProfileTest</td>
<td></td>
<td>0</td>
<td>org.colorMine.tests.profile.ColorProfileTest@1de4f7c2</td></tr>
<tr>
<td title='org.colorMine.tests.profile.ColorProfileTest.ColorProfileQuantity()'><b>ColorProfileQuantity</b><br>Test class: org.colorMine.tests.profile.ColorProfileTest</td>
<td></td>
<td>0</td>
<td>org.colorMine.tests.profile.ColorProfileTest@1de4f7c2</td></tr>
<tr>
<td title='org.colorMine.tests.colorSpace.LabComparerTest.Distance()'><b>Distance</b><br>Test class: org.colorMine.tests.colorSpace.LabComparerTest</td>
<td></td>
<td>0</td>
<td>org.colorMine.tests.colorSpace.LabComparerTest@311671b2</td></tr>
<tr>
<td title='org.colorMine.tests.colorSpace.LabComparerTest.NoDistance()'><b>NoDistance</b><br>Test class: org.colorMine.tests.colorSpace.LabComparerTest</td>
<td></td>
<td>0</td>
<td>org.colorMine.tests.colorSpace.LabComparerTest@311671b2</td></tr>
<tr>
<td title='org.colorMine.tests.colorSpace.RgbTest.Rgb()'><b>Rgb</b><br>Test class: org.colorMine.tests.colorSpace.RgbTest</td>
<td></td>
<td>0</td>
<td>org.colorMine.tests.colorSpace.RgbTest@6860991f</td></tr>
<tr>
<td title='org.colorMine.tests.colorSpace.ColorSpaceConverterTest.RgbToColor_givenRgb_ReturnsColor()'><b>RgbToColor_givenRgb_ReturnsColor</b><br>Test class: org.colorMine.tests.colorSpace.ColorSpaceConverterTest</td>
<td></td>
<td>0</td>
<td>org.colorMine.tests.colorSpace.ColorSpaceConverterTest@5bbf3d87</td></tr>
<tr>
<td title='org.colorMine.tests.colorSpace.ColorSpaceConverterTest.RgbToXyz_givenRgb_ReturnsXyz()'><b>RgbToXyz_givenRgb_ReturnsXyz</b><br>Test class: org.colorMine.tests.colorSpace.ColorSpaceConverterTest</td>
<td></td>
<td>0</td>
<td>org.colorMine.tests.colorSpace.ColorSpaceConverterTest@5bbf3d87</td></tr>
<tr>
<td title='org.colorMine.tests.profile.filter.MapFilterTest.Sanity()'><b>Sanity</b><br>Test class: org.colorMine.tests.profile.filter.MapFilterTest</td>
<td></td>
<td>0</td>
<td>org.colorMine.tests.profile.filter.MapFilterTest@7d2452e8</td></tr>
<tr>
<td title='org.colorMine.tests.colorSpace.ColorSpaceConverterTest.XyzToLab_givenXyz_ReturnsLab()'><b>XyzToLab_givenXyz_ReturnsLab</b><br>Test class: org.colorMine.tests.colorSpace.ColorSpaceConverterTest</td>
<td></td>
<td>0</td>
<td>org.colorMine.tests.colorSpace.ColorSpaceConverterTest@5bbf3d87</td></tr>
<tr>
<td title='org.colorMine.tests.ColorCalculatorTest.getTriadic_GivenAColor_returnsTwoValues()'><b>getTriadic_GivenAColor_returnsTwoValues</b><br>Test class: org.colorMine.tests.ColorCalculatorTest</td>
<td></td>
<td>0</td>
<td>org.colorMine.tests.ColorCalculatorTest@3882764b</td></tr>
<tr>
<td title='org.colorMine.tests.ColorCalculatorTest.isComplement_GivenComplementaryColors_returnsTrue()'><b>isComplement_GivenComplementaryColors_returnsTrue</b><br>Test class: org.colorMine.tests.ColorCalculatorTest</td>
<td></td>
<td>0</td>
<td>org.colorMine.tests.ColorCalculatorTest@3882764b</td></tr>
<tr>
<td title='org.colorMine.tests.ColorCalculatorTest.isComplement_GivenNonComplementaryColors_returnsFalse()'><b>isComplement_GivenNonComplementaryColors_returnsFalse</b><br>Test class: org.colorMine.tests.ColorCalculatorTest</td>
<td></td>
<td>0</td>
<td>org.colorMine.tests.ColorCalculatorTest@3882764b</td></tr>
<tr>
<td title='org.colorMine.tests.colorSpace.ColorSpaceConverterTest.rgbToHsl_GivenHslValue_ReturnsRgb()'><b>rgbToHsl_GivenHslValue_ReturnsRgb</b><br>Test class: org.colorMine.tests.colorSpace.ColorSpaceConverterTest</td>
<td></td>
<td>0</td>
<td>org.colorMine.tests.colorSpace.ColorSpaceConverterTest@5bbf3d87</td></tr>
<tr>
<td title='org.colorMine.tests.colorSpace.ColorSpaceConverterTest.test_RgbToLab_givenRgb_ReturnsLab()'><b>test_RgbToLab_givenRgb_ReturnsLab</b><br>Test class: org.colorMine.tests.colorSpace.ColorSpaceConverterTest</td>
<td></td>
<td>0</td>
<td>org.colorMine.tests.colorSpace.ColorSpaceConverterTest@5bbf3d87</td></tr>
</table><p>
</body>
</html>