<?xml version="1.0" encoding="UTF-8"?>
<!-- Generated by org.testng.reporters.JUnitXMLReporter -->
<testsuite hostname="Dev" name="Default test" tests="17" failures="1" timestamp="2 Mar 2012 04:14:45 GMT" time="0.167" errors="0">
  <testcase name="ColorProfile" time="0.012" classname="org.colorMine.tests.profile.ColorProfileTest"/>
  <testcase name="ColorProfileAccuracy" time="0.002" classname="org.colorMine.tests.profile.ColorProfileTest"/>
  <testcase name="ColorProfileQuantity" time="0.003" classname="org.colorMine.tests.profile.ColorProfileTest"/>
  <testcase name="ColorConversion" time="0.001" classname="org.colorMine.tests.colorSpace.ColorSpaceConverterTest"/>
  <testcase name="RgbToColor_givenRgb_ReturnsColor" time="0.001" classname="org.colorMine.tests.colorSpace.ColorSpaceConverterTest"/>
  <testcase name="RgbToXyz_givenRgb_ReturnsXyz" time="0.001" classname="org.colorMine.tests.colorSpace.ColorSpaceConverterTest"/>
  <testcase name="XyzToLab_givenXyz_ReturnsLab" time="0.0" classname="org.colorMine.tests.colorSpace.ColorSpaceConverterTest"/>
  <testcase name="rgbToHsl_GivenHslValue_ReturnsRgb" time="0.001" classname="org.colorMine.tests.colorSpace.ColorSpaceConverterTest"/>
  <testcase name="test_RgbToLab_givenRgb_ReturnsLab" time="0.0" classname="org.colorMine.tests.colorSpace.ColorSpaceConverterTest"/>
  <testcase name="Sanity" time="0.003" classname="org.colorMine.tests.profile.filter.MapFilterTest"/>
  <testcase name="getTriadic_GivenAColor_returnsTriadicColors" time="0.001" classname="org.colorMine.tests.ColorCalculatorTest">
    <failure type="java.lang.AssertionError" message="expected:&amp;lt;false&amp;gt; but was:&amp;lt;[Ljava.awt.Color;@37a001ff&amp;gt;">
      <![CDATA[java.lang.AssertionError: expected:<false> but was:<[Ljava.awt.Color;@37a001ff>
	at org.testng.AssertJUnit.fail(AssertJUnit.java:59)
	at org.testng.AssertJUnit.failNotEquals(AssertJUnit.java:364)
	at org.testng.AssertJUnit.assertEquals(AssertJUnit.java:80)
	at org.testng.AssertJUnit.assertEquals(AssertJUnit.java:88)
	at org.colorMine.tests.ColorCalculatorTest.getTriadic_GivenAColor_returnsTriadicColors(ColorCalculatorTest.java:51)
	at sun.reflect.NativeMethodAccessorImpl.invoke0(Native Method)
	at sun.reflect.NativeMethodAccessorImpl.invoke(NativeMethodAccessorImpl.java:57)
	at sun.reflect.DelegatingMethodAccessorImpl.invoke(DelegatingMethodAccessorImpl.java:43)
	at java.lang.reflect.Method.invoke(Method.java:616)
	at org.testng.internal.MethodInvocationHelper.invokeMethod(MethodInvocationHelper.java:80)
	at org.testng.internal.Invoker.invokeMethod(Invoker.java:701)
	at org.testng.internal.Invoker.invokeTestMethod(Invoker.java:893)
	at org.testng.internal.Invoker.invokeTestMethods(Invoker.java:1218)
	at org.testng.internal.TestMethodWorker.invokeTestMethods(TestMethodWorker.java:127)
	at org.testng.internal.TestMethodWorker.run(TestMethodWorker.java:111)
	at org.testng.TestRunner.privateRun(TestRunner.java:768)
	at org.testng.TestRunner.run(TestRunner.java:617)
	at org.testng.SuiteRunner.runTest(SuiteRunner.java:334)
	at org.testng.SuiteRunner.runSequentially(SuiteRunner.java:329)
	at org.testng.SuiteRunner.privateRun(SuiteRunner.java:291)
	at org.testng.SuiteRunner.run(SuiteRunner.java:240)
	at org.testng.SuiteRunnerWorker.runSuite(SuiteRunnerWorker.java:53)
	at org.testng.SuiteRunnerWorker.run(SuiteRunnerWorker.java:87)
	at org.testng.TestNG.runSuitesSequentially(TestNG.java:1185)
	at org.testng.TestNG.runSuitesLocally(TestNG.java:1110)
	at org.testng.TestNG.run(TestNG.java:1022)
	at org.testng.remote.RemoteTestNG.run(RemoteTestNG.java:109)
	at org.testng.remote.RemoteTestNG.initAndRun(RemoteTestNG.java:202)
	at org.testng.remote.RemoteTestNG.main(RemoteTestNG.java:173)
]]>
    </failure>
  </testcase> <!-- getTriadic_GivenAColor_returnsTriadicColors -->
  <testcase name="getTriadic_GivenAColor_returnsTwoValues" time="0.0" classname="org.colorMine.tests.ColorCalculatorTest"/>
  <testcase name="isComplement_GivenComplementaryColors_returnsTrue" time="0.0" classname="org.colorMine.tests.ColorCalculatorTest"/>
  <testcase name="isComplement_GivenNonComplementaryColors_returnsFalse" time="0.0" classname="org.colorMine.tests.ColorCalculatorTest"/>
  <testcase name="Distance" time="0.02" classname="org.colorMine.tests.colorSpace.LabComparerTest"/>
  <testcase name="NoDistance" time="0.0" classname="org.colorMine.tests.colorSpace.LabComparerTest"/>
  <testcase name="Rgb" time="0.001" classname="org.colorMine.tests.colorSpace.RgbTest"/>
</testsuite> <!-- Default test -->
