<?xml version="1.0" encoding="UTF-8"?>
<testng-results skipped="0" failed="1" total="17" passed="16">
  <reporter-output>
  </reporter-output>
  <suite name="Default suite" duration-ms="167" started-at="2012-03-01T23:14:45Z" finished-at="2012-03-01T23:14:45Z">
    <groups>
    </groups>
    <test name="Default test" duration-ms="167" started-at="2012-03-01T23:14:45Z" finished-at="2012-03-01T23:14:45Z">
      <class name="org.colorMine.tests.ColorMineTest">
        <test-method status="PASS" signature="setup()[pri:0, instance:org.colorMine.tests.ColorMineTest@3abc8e1e]" name="setup" is-config="true" duration-ms="36" started-at="2012-03-01T23:14:45Z" finished-at="2012-03-01T23:14:45Z">
        </test-method> <!-- setup -->
      </class> <!-- org.colorMine.tests.ColorMineTest -->
      <class name="org.colorMine.tests.colorSpace.ColorSpaceConverterTest">
        <test-method status="PASS" signature="ColorConversion()[pri:0, instance:org.colorMine.tests.colorSpace.ColorSpaceConverterTest@5bbf3d87]" name="ColorConversion" duration-ms="1" started-at="2012-03-01T23:14:45Z" finished-at="2012-03-01T23:14:45Z">
        </test-method> <!-- ColorConversion -->
        <test-method status="PASS" signature="RgbToColor_givenRgb_ReturnsColor()[pri:0, instance:org.colorMine.tests.colorSpace.ColorSpaceConverterTest@5bbf3d87]" name="RgbToColor_givenRgb_ReturnsColor" duration-ms="1" started-at="2012-03-01T23:14:45Z" finished-at="2012-03-01T23:14:45Z">
        </test-method> <!-- RgbToColor_givenRgb_ReturnsColor -->
        <test-method status="PASS" signature="RgbToXyz_givenRgb_ReturnsXyz()[pri:0, instance:org.colorMine.tests.colorSpace.ColorSpaceConverterTest@5bbf3d87]" name="RgbToXyz_givenRgb_ReturnsXyz" duration-ms="1" started-at="2012-03-01T23:14:45Z" finished-at="2012-03-01T23:14:45Z">
        </test-method> <!-- RgbToXyz_givenRgb_ReturnsXyz -->
        <test-method status="PASS" signature="XyzToLab_givenXyz_ReturnsLab()[pri:0, instance:org.colorMine.tests.colorSpace.ColorSpaceConverterTest@5bbf3d87]" name="XyzToLab_givenXyz_ReturnsLab" duration-ms="0" started-at="2012-03-01T23:14:45Z" finished-at="2012-03-01T23:14:45Z">
        </test-method> <!-- XyzToLab_givenXyz_ReturnsLab -->
        <test-method status="PASS" signature="rgbToHsl_GivenHslValue_ReturnsRgb()[pri:0, instance:org.colorMine.tests.colorSpace.ColorSpaceConverterTest@5bbf3d87]" name="rgbToHsl_GivenHslValue_ReturnsRgb" duration-ms="1" started-at="2012-03-01T23:14:45Z" finished-at="2012-03-01T23:14:45Z">
        </test-method> <!-- rgbToHsl_GivenHslValue_ReturnsRgb -->
        <test-method status="PASS" signature="test_RgbToLab_givenRgb_ReturnsLab()[pri:0, instance:org.colorMine.tests.colorSpace.ColorSpaceConverterTest@5bbf3d87]" name="test_RgbToLab_givenRgb_ReturnsLab" duration-ms="0" started-at="2012-03-01T23:14:45Z" finished-at="2012-03-01T23:14:45Z">
        </test-method> <!-- test_RgbToLab_givenRgb_ReturnsLab -->
      </class> <!-- org.colorMine.tests.colorSpace.ColorSpaceConverterTest -->
      <class name="org.colorMine.tests.colorSpace.LabComparerTest">
        <test-method status="PASS" signature="Distance()[pri:0, instance:org.colorMine.tests.colorSpace.LabComparerTest@311671b2]" name="Distance" duration-ms="20" started-at="2012-03-01T23:14:45Z" finished-at="2012-03-01T23:14:45Z">
        </test-method> <!-- Distance -->
        <test-method status="PASS" signature="NoDistance()[pri:0, instance:org.colorMine.tests.colorSpace.LabComparerTest@311671b2]" name="NoDistance" duration-ms="0" started-at="2012-03-01T23:14:45Z" finished-at="2012-03-01T23:14:45Z">
        </test-method> <!-- NoDistance -->
      </class> <!-- org.colorMine.tests.colorSpace.LabComparerTest -->
      <class name="org.colorMine.tests.profile.ColorProfileTest">
        <test-method status="PASS" signature="ColorProfile()[pri:0, instance:org.colorMine.tests.profile.ColorProfileTest@1de4f7c2]" name="ColorProfile" duration-ms="12" started-at="2012-03-01T23:14:45Z" finished-at="2012-03-01T23:14:45Z">
        </test-method> <!-- ColorProfile -->
        <test-method status="PASS" signature="ColorProfileAccuracy()[pri:0, instance:org.colorMine.tests.profile.ColorProfileTest@1de4f7c2]" name="ColorProfileAccuracy" duration-ms="2" started-at="2012-03-01T23:14:45Z" finished-at="2012-03-01T23:14:45Z">
        </test-method> <!-- ColorProfileAccuracy -->
        <test-method status="PASS" signature="ColorProfileQuantity()[pri:0, instance:org.colorMine.tests.profile.ColorProfileTest@1de4f7c2]" name="ColorProfileQuantity" duration-ms="3" started-at="2012-03-01T23:14:45Z" finished-at="2012-03-01T23:14:45Z">
        </test-method> <!-- ColorProfileQuantity -->
      </class> <!-- org.colorMine.tests.profile.ColorProfileTest -->
      <class name="org.colorMine.tests.colorSpace.RgbTest">
        <test-method status="PASS" signature="Rgb()[pri:0, instance:org.colorMine.tests.colorSpace.RgbTest@6860991f]" name="Rgb" duration-ms="1" started-at="2012-03-01T23:14:45Z" finished-at="2012-03-01T23:14:45Z">
        </test-method> <!-- Rgb -->
      </class> <!-- org.colorMine.tests.colorSpace.RgbTest -->
      <class name="org.colorMine.tests.profile.filter.MapFilterTest">
        <test-method status="PASS" signature="Sanity()[pri:0, instance:org.colorMine.tests.profile.filter.MapFilterTest@7d2452e8]" name="Sanity" duration-ms="3" started-at="2012-03-01T23:14:45Z" finished-at="2012-03-01T23:14:45Z">
        </test-method> <!-- Sanity -->
      </class> <!-- org.colorMine.tests.profile.filter.MapFilterTest -->
      <class name="org.colorMine.tests.ColorCalculatorTest">
        <test-method status="FAIL" signature="getTriadic_GivenAColor_returnsTriadicColors()[pri:0, instance:org.colorMine.tests.ColorCalculatorTest@3882764b]" name="getTriadic_GivenAColor_returnsTriadicColors" duration-ms="1" started-at="2012-03-01T23:14:45Z" finished-at="2012-03-01T23:14:45Z">
          <exception class="java.lang.AssertionError">
            <message>
              <![CDATA[expected:<false> but was:<[Ljava.awt.Color;@37a001ff>]]>
            </message>
            <full-stacktrace>
              <![CDATA[java.lang.AssertionError: expected:<false> but was:<[Ljava.awt.Color;@37a001ff>
	at org.testng.AssertJUnit.fail(AssertJUnit.java:59)
	at org.testng.AssertJUnit.failNotEquals(AssertJUnit.java:364)
	at org.testng.AssertJUnit.assertEquals(AssertJUnit.java:80)
	at org.testng.AssertJUnit.assertEquals(AssertJUnit.java:88)
	at org.colorMine.tests.ColorCalculatorTest.getTriadic_GivenAColor_returnsTriadicColors(ColorCalculatorTest.java:51)
	at sun.reflect.NativeMethodAccessorImpl.invoke0(Native Method)
	at sun.reflect.NativeMethodAccessorImpl.invoke(NativeMethodAccessorImpl.java:57)
	at sun.reflect.DelegatingMethodAccessorImpl.invoke(DelegatingMethodAccessorImpl.java:43)
	at java.lang.reflect.Method.invoke(Method.java:616)
	at org.testng.internal.MethodInvocationHelper.invokeMethod(MethodInvocationHelper.java:80)
	at org.testng.internal.Invoker.invokeMethod(Invoker.java:701)
	at org.testng.internal.Invoker.invokeTestMethod(Invoker.java:893)
	at org.testng.internal.Invoker.invokeTestMethods(Invoker.java:1218)
	at org.testng.internal.TestMethodWorker.invokeTestMethods(TestMethodWorker.java:127)
	at org.testng.internal.TestMethodWorker.run(TestMethodWorker.java:111)
	at org.testng.TestRunner.privateRun(TestRunner.java:768)
	at org.testng.TestRunner.run(TestRunner.java:617)
	at org.testng.SuiteRunner.runTest(SuiteRunner.java:334)
	at org.testng.SuiteRunner.runSequentially(SuiteRunner.java:329)
	at org.testng.SuiteRunner.privateRun(SuiteRunner.java:291)
	at org.testng.SuiteRunner.run(SuiteRunner.java:240)
	at org.testng.SuiteRunnerWorker.runSuite(SuiteRunnerWorker.java:53)
	at org.testng.SuiteRunnerWorker.run(SuiteRunnerWorker.java:87)
	at org.testng.TestNG.runSuitesSequentially(TestNG.java:1185)
	at org.testng.TestNG.runSuitesLocally(TestNG.java:1110)
	at org.testng.TestNG.run(TestNG.java:1022)
	at org.testng.remote.RemoteTestNG.run(RemoteTestNG.java:109)
	at org.testng.remote.RemoteTestNG.initAndRun(RemoteTestNG.java:202)
	at org.testng.remote.RemoteTestNG.main(RemoteTestNG.java:173)
]]>
            </full-stacktrace>
          </exception> <!-- java.lang.AssertionError -->
        </test-method> <!-- getTriadic_GivenAColor_returnsTriadicColors -->
        <test-method status="PASS" signature="getTriadic_GivenAColor_returnsTwoValues()[pri:0, instance:org.colorMine.tests.ColorCalculatorTest@3882764b]" name="getTriadic_GivenAColor_returnsTwoValues" duration-ms="0" started-at="2012-03-01T23:14:45Z" finished-at="2012-03-01T23:14:45Z">
        </test-method> <!-- getTriadic_GivenAColor_returnsTwoValues -->
        <test-method status="PASS" signature="isComplement_GivenComplementaryColors_returnsTrue()[pri:0, instance:org.colorMine.tests.ColorCalculatorTest@3882764b]" name="isComplement_GivenComplementaryColors_returnsTrue" duration-ms="0" started-at="2012-03-01T23:14:45Z" finished-at="2012-03-01T23:14:45Z">
        </test-method> <!-- isComplement_GivenComplementaryColors_returnsTrue -->
        <test-method status="PASS" signature="isComplement_GivenNonComplementaryColors_returnsFalse()[pri:0, instance:org.colorMine.tests.ColorCalculatorTest@3882764b]" name="isComplement_GivenNonComplementaryColors_returnsFalse" duration-ms="0" started-at="2012-03-01T23:14:45Z" finished-at="2012-03-01T23:14:45Z">
        </test-method> <!-- isComplement_GivenNonComplementaryColors_returnsFalse -->
      </class> <!-- org.colorMine.tests.ColorCalculatorTest -->
    </test> <!-- Default test -->
  </suite> <!-- Default suite -->
</testng-results>
